2023-10-07 23:48:19,661 [INFO] Activator:177 - 


2023-10-07 23:48:19,661 [INFO] Activator:178 - !SESSION log4j initialized
2023-10-07 23:48:36,927 [INFO] McuFinderGlobals:39 - Set McuFinder mode to 2 (CubeIDE integrated)
2023-10-07 23:48:37,083 [INFO] ApplicationProperties:181 - Using Application install path: D:\IDEmcu\STM32CubeIDE_1.7.0\STM32CubeIDE\plugins\com.st.stm32cube.common.mx_6.3.0.202107141111
2023-10-07 23:48:37,094 [INFO] DbMcusXml:74 - Set database path to: D:\IDEmcu\STM32CubeIDE_1.7.0\STM32CubeIDE\plugins\com.st.stm32cube.common.mx_6.3.0.202107141111\\db\/mcu/
2023-10-07 23:48:37,097 [INFO] DbBoardsPdsc:56 - Set plugin database path to: D:\IDEmcu\STM32CubeIDE_1.7.0\STM32CubeIDE\plugins\com.st.stm32cube.common.mx_6.3.0.202107141111\\db\/plugins/boardmanager/
2023-10-07 23:48:37,097 [INFO] DbMcus:258 - Set plugin images path to: D:\IDEmcu\STM32CubeIDE_1.7.0\STM32CubeIDE\plugins\com.st.stm32cube.common.mx_6.3.0.202107141111\\db\/plugins/mcufinder/images/
2023-10-07 23:48:37,097 [INFO] DbBoards:264 - Set plugin images path to: D:\IDEmcu\STM32CubeIDE_1.7.0\STM32CubeIDE\plugins\com.st.stm32cube.common.mx_6.3.0.202107141111\\db\/plugins/mcufinder/images/
2023-10-07 23:48:37,100 [INFO] DbExamples:333 - Set plugin images path to: D:\IDEmcu\STM32CubeIDE_1.7.0\STM32CubeIDE\plugins\com.st.stm32cube.common.mx_6.3.0.202107141111\\db\/plugins/mcufinder/images/
2023-10-07 23:48:37,103 [INFO] DbMcusAds:119 - Set database path to: C:\Users\Admin\.stmcufinder\plugins\mcufinder//mcu/
2023-10-07 23:48:37,104 [INFO] DbMcusDocs:110 - Set database path to: C:\Users\Admin\.stmcufinder\plugins\mcufinder//mcu/
2023-10-07 23:48:37,106 [INFO] DbMcusJson:64 - Set database path to: C:\Users\Admin\.stmcufinder\plugins\mcufinder//mcu/
2023-10-07 23:48:37,106 [INFO] DbBoardsDocs:110 - Set database path to: C:\Users\Admin\.stmcufinder\plugins\mcufinder//mcu/
2023-10-07 23:48:37,107 [INFO] DbBoardsJson:57 - Set database path to: C:\Users\Admin\.stmcufinder\plugins\mcufinder//mcu/
2023-10-07 23:48:37,245 [INFO] CrossReferenceDbSqlite:196 - Set database path to: C:\Users\Admin\.stmcufinder\plugins\mcufinder//mcu/cs/
2023-10-07 23:48:37,249 [INFO] DbExamplesSqlite:767 - Set database path to: C:\Users\Admin\.stmcufinder\plugins\mcufinder//mcu/
2023-10-07 23:48:37,352 [INFO] RulesReader:57 - Compatibility file has been processed (242 Rules)
2023-10-07 23:48:37,438 [INFO] DbMcusXml:74 - Set database path to: D:\IDEmcu\STM32CubeIDE_1.7.0\STM32CubeIDE\plugins\com.st.stm32cube.common.mx_6.3.0.202107141111\\db\/mcu/
2023-10-07 23:48:37,439 [INFO] DbBoardsPdsc:56 - Set plugin database path to: D:\IDEmcu\STM32CubeIDE_1.7.0\STM32CubeIDE\plugins\com.st.stm32cube.common.mx_6.3.0.202107141111\\db\/plugins/boardmanager/
2023-10-07 23:48:37,439 [INFO] DbMcus:258 - Set plugin images path to: D:\IDEmcu\STM32CubeIDE_1.7.0\STM32CubeIDE\plugins\com.st.stm32cube.common.mx_6.3.0.202107141111\\db\/plugins/mcufinder/images/
2023-10-07 23:48:37,439 [INFO] DbBoards:264 - Set plugin images path to: D:\IDEmcu\STM32CubeIDE_1.7.0\STM32CubeIDE\plugins\com.st.stm32cube.common.mx_6.3.0.202107141111\\db\/plugins/mcufinder/images/
2023-10-07 23:48:37,439 [INFO] DbExamples:333 - Set plugin images path to: D:\IDEmcu\STM32CubeIDE_1.7.0\STM32CubeIDE\plugins\com.st.stm32cube.common.mx_6.3.0.202107141111\\db\/plugins/mcufinder/images/
2023-10-07 23:48:37,439 [WARN] DbFile:35 - Overriding database path with different value: C:\Users\Admin\.stmcufinder\plugins\mcufinder/ => C:\Users\Admin\.stmcufinder\plugins\mcufinder
2023-10-07 23:48:37,439 [INFO] DbMcusAds:119 - Set database path to: C:\Users\Admin\.stmcufinder\plugins\mcufinder//mcu/
2023-10-07 23:48:37,439 [WARN] DbFile:35 - Overriding database path with different value: C:\Users\Admin\.stmcufinder\plugins\mcufinder/ => C:\Users\Admin\.stmcufinder\plugins\mcufinder
2023-10-07 23:48:37,439 [INFO] DbMcusDocs:110 - Set database path to: C:\Users\Admin\.stmcufinder\plugins\mcufinder//mcu/
2023-10-07 23:48:37,439 [WARN] DbFile:35 - Overriding database path with different value: C:\Users\Admin\.stmcufinder\plugins\mcufinder/ => C:\Users\Admin\.stmcufinder\plugins\mcufinder
2023-10-07 23:48:37,440 [INFO] DbMcusJson:64 - Set database path to: C:\Users\Admin\.stmcufinder\plugins\mcufinder//mcu/
2023-10-07 23:48:37,440 [WARN] DbFile:35 - Overriding database path with different value: C:\Users\Admin\.stmcufinder\plugins\mcufinder/ => C:\Users\Admin\.stmcufinder\plugins\mcufinder
2023-10-07 23:48:37,440 [INFO] DbBoardsDocs:110 - Set database path to: C:\Users\Admin\.stmcufinder\plugins\mcufinder//mcu/
2023-10-07 23:48:37,440 [WARN] DbFile:35 - Overriding database path with different value: C:\Users\Admin\.stmcufinder\plugins\mcufinder/ => C:\Users\Admin\.stmcufinder\plugins\mcufinder
2023-10-07 23:48:37,440 [INFO] DbBoardsJson:57 - Set database path to: C:\Users\Admin\.stmcufinder\plugins\mcufinder//mcu/
2023-10-07 23:48:37,440 [WARN] DbFile:35 - Overriding database path with different value: C:\Users\Admin\.stmcufinder\plugins\mcufinder/ => C:\Users\Admin\.stmcufinder\plugins\mcufinder
2023-10-07 23:48:37,440 [WARN] DbFile:35 - Overriding database path with different value: C:\Users\Admin\.stmcufinder\plugins\mcufinder/ => C:\Users\Admin\.stmcufinder\plugins\mcufinder
2023-10-07 23:48:37,440 [INFO] CrossReferenceDbSqlite:196 - Set database path to: C:\Users\Admin\.stmcufinder\plugins\mcufinder//mcu/cs/
2023-10-07 23:48:37,440 [WARN] DbFile:35 - Overriding database path with different value: C:\Users\Admin\.stmcufinder\plugins\mcufinder/ => C:\Users\Admin\.stmcufinder\plugins\mcufinder
2023-10-07 23:48:37,441 [INFO] DbExamplesSqlite:767 - Set database path to: C:\Users\Admin\.stmcufinder\plugins\mcufinder//mcu/
2023-10-07 23:48:37,504 [INFO] MainPanel:214 - HeapMemory: 268435456
2023-10-07 23:48:37,592 [INFO] DbMcusXml:74 - Set database path to: D:\IDEmcu\STM32CubeIDE_1.7.0\STM32CubeIDE\plugins\com.st.stm32cube.common.mx_6.3.0.202107141111\\db\/mcu/
2023-10-07 23:48:37,592 [INFO] DbBoardsPdsc:56 - Set plugin database path to: D:\IDEmcu\STM32CubeIDE_1.7.0\STM32CubeIDE\plugins\com.st.stm32cube.common.mx_6.3.0.202107141111\\db\/plugins/boardmanager/
2023-10-07 23:48:37,593 [INFO] DbMcus:258 - Set plugin images path to: D:\IDEmcu\STM32CubeIDE_1.7.0\STM32CubeIDE\plugins\com.st.stm32cube.common.mx_6.3.0.202107141111\\db\/plugins/mcufinder/images/
2023-10-07 23:48:37,593 [INFO] DbBoards:264 - Set plugin images path to: D:\IDEmcu\STM32CubeIDE_1.7.0\STM32CubeIDE\plugins\com.st.stm32cube.common.mx_6.3.0.202107141111\\db\/plugins/mcufinder/images/
2023-10-07 23:48:37,593 [INFO] DbExamples:333 - Set plugin images path to: D:\IDEmcu\STM32CubeIDE_1.7.0\STM32CubeIDE\plugins\com.st.stm32cube.common.mx_6.3.0.202107141111\\db\/plugins/mcufinder/images/
2023-10-07 23:48:37,593 [WARN] DbFile:35 - Overriding database path with different value: C:\Users\Admin\.stmcufinder\plugins\mcufinder/ => C:\Users\Admin\.stmcufinder\plugins\mcufinder
2023-10-07 23:48:37,593 [INFO] DbMcusAds:119 - Set database path to: C:\Users\Admin\.stmcufinder\plugins\mcufinder//mcu/
2023-10-07 23:48:37,594 [WARN] DbFile:35 - Overriding database path with different value: C:\Users\Admin\.stmcufinder\plugins\mcufinder/ => C:\Users\Admin\.stmcufinder\plugins\mcufinder
2023-10-07 23:48:37,594 [INFO] DbMcusDocs:110 - Set database path to: C:\Users\Admin\.stmcufinder\plugins\mcufinder//mcu/
2023-10-07 23:48:37,594 [WARN] DbFile:35 - Overriding database path with different value: C:\Users\Admin\.stmcufinder\plugins\mcufinder/ => C:\Users\Admin\.stmcufinder\plugins\mcufinder
2023-10-07 23:48:37,594 [INFO] DbMcusJson:64 - Set database path to: C:\Users\Admin\.stmcufinder\plugins\mcufinder//mcu/
2023-10-07 23:48:37,594 [WARN] DbFile:35 - Overriding database path with different value: C:\Users\Admin\.stmcufinder\plugins\mcufinder/ => C:\Users\Admin\.stmcufinder\plugins\mcufinder
2023-10-07 23:48:37,594 [INFO] DbBoardsDocs:110 - Set database path to: C:\Users\Admin\.stmcufinder\plugins\mcufinder//mcu/
2023-10-07 23:48:37,594 [WARN] DbFile:35 - Overriding database path with different value: C:\Users\Admin\.stmcufinder\plugins\mcufinder/ => C:\Users\Admin\.stmcufinder\plugins\mcufinder
2023-10-07 23:48:37,594 [INFO] DbBoardsJson:57 - Set database path to: C:\Users\Admin\.stmcufinder\plugins\mcufinder//mcu/
2023-10-07 23:48:37,594 [WARN] DbFile:35 - Overriding database path with different value: C:\Users\Admin\.stmcufinder\plugins\mcufinder/ => C:\Users\Admin\.stmcufinder\plugins\mcufinder
2023-10-07 23:48:37,594 [WARN] DbFile:35 - Overriding database path with different value: C:\Users\Admin\.stmcufinder\plugins\mcufinder/ => C:\Users\Admin\.stmcufinder\plugins\mcufinder
2023-10-07 23:48:37,594 [INFO] CrossReferenceDbSqlite:196 - Set database path to: C:\Users\Admin\.stmcufinder\plugins\mcufinder//mcu/cs/
2023-10-07 23:48:37,595 [WARN] DbFile:35 - Overriding database path with different value: C:\Users\Admin\.stmcufinder\plugins\mcufinder/ => C:\Users\Admin\.stmcufinder\plugins\mcufinder
2023-10-07 23:48:37,595 [INFO] DbExamplesSqlite:767 - Set database path to: C:\Users\Admin\.stmcufinder\plugins\mcufinder//mcu/
2023-10-07 23:48:37,612 [INFO] ApplicationProperties:181 - Using Application install path: D:\IDEmcu\STM32CubeIDE_1.7.0\STM32CubeIDE\plugins\com.st.stm32cube.common.mx_6.3.0.202107141111
2023-10-07 23:48:37,613 [INFO] PluginManage:188 - Search for loadable plugins [exclusion list=, ]
2023-10-07 23:48:37,614 [INFO] PluginManage:302 - Check plugin analytics
2023-10-07 23:48:37,721 [INFO] AnalyticsPlugin:257 - Accepted Software Licenses: 
2023-10-07 23:48:37,721 [INFO] AnalyticsPlugin:259 - Accepted CMSIS Pack Licenses: 
2023-10-07 23:48:37,721 [INFO] AnalyticsPlugin:261 - Accepted Firmware Licenses: 
2023-10-07 23:48:37,722 [INFO] PluginManage:352 - Loaded plugin analytics (category:tool,tabindex:-1)
2023-10-07 23:48:37,722 [INFO] PluginManage:302 - Check plugin clock
2023-10-07 23:48:37,730 [INFO] PluginManage:352 - Loaded plugin clock (category:base,tabindex:2)
2023-10-07 23:48:37,730 [INFO] PluginManage:302 - Check plugin ddr
2023-10-07 23:48:37,732 [INFO] PluginManage:352 - Loaded plugin ddr (category:tool,tabindex:6)
2023-10-07 23:48:37,732 [INFO] PluginManage:302 - Check plugin filemanager
2023-10-07 23:48:37,830 [INFO] PluginManage:352 - Loaded plugin filemanager (category:base,tabindex:10)
2023-10-07 23:48:37,830 [INFO] PluginManage:302 - Check plugin ipmanager
2023-10-07 23:48:37,837 [INFO] PluginManage:352 - Loaded plugin ipmanager (category:base,tabindex:5)
2023-10-07 23:48:37,837 [INFO] PluginManage:302 - Check plugin pinoutandconfiguration
2023-10-07 23:48:37,843 [INFO] PluginManage:352 - Loaded plugin pinoutandconfiguration (category:base,tabindex:1)
2023-10-07 23:48:37,843 [INFO] PluginManage:302 - Check plugin pinoutconfig
2023-10-07 23:48:37,863 [INFO] PluginManage:352 - Loaded plugin pinoutconfig (category:base,tabindex:0)
2023-10-07 23:48:37,863 [INFO] PluginManage:302 - Check plugin power
2023-10-07 23:48:37,871 [INFO] PluginManage:352 - Loaded plugin power (category:power,tabindex:4)
2023-10-07 23:48:37,871 [INFO] PluginManage:302 - Check plugin projectmanager
2023-10-07 23:48:37,884 [INFO] PluginManage:352 - Loaded plugin projectmanager (category:projectmanager,tabindex:3)
2023-10-07 23:48:37,884 [INFO] PluginManage:302 - Check plugin thirdparty
2023-10-07 23:48:37,977 [WARN] IntegrityCheckThread:78 - waiting for thirdparty lock release [integrity check]
2023-10-07 23:48:37,977 [INFO] PluginManage:352 - Loaded plugin thirdparty (category:base,tabindex:-1)
2023-10-07 23:48:37,978 [INFO] IntegrityCheckThread:80 - entering critical section [integrity check]
2023-10-07 23:48:37,978 [INFO] PluginManage:302 - Check plugin tools
2023-10-07 23:48:37,978 [INFO] ThirdPartyUpdaterWithRetryManager:66 - Updater plugin not ready yet. [1/15]
2023-10-07 23:48:37,979 [INFO] PluginManage:352 - Loaded plugin tools (category:base,tabindex:7)
2023-10-07 23:48:37,979 [INFO] PluginManage:302 - Check plugin tutovideos
2023-10-07 23:48:38,149 [INFO] PluginManage:352 - Loaded plugin tutovideos (category:base,tabindex:-1)
2023-10-07 23:48:38,150 [INFO] PluginManage:302 - Check plugin updater
2023-10-07 23:48:38,159 [INFO] PluginManage:352 - Loaded plugin updater (category:base,tabindex:12)
2023-10-07 23:48:38,160 [INFO] PluginManage:275 - PluginManage : Loaded plugins [13]
2023-10-07 23:48:38,301 [INFO] PinOutPanel:1463 - setPackage(No Configuration,No Configuration)
2023-10-07 23:48:38,379 [INFO] IPUIPlugin:74 - create IPUIPlugin
2023-10-07 23:48:38,379 [INFO] PluginManager:213 - loadIPPluginJar : add adc
2023-10-07 23:48:38,381 [INFO] IPUIPlugin:74 - create IPUIPlugin
2023-10-07 23:48:38,381 [INFO] PluginManager:213 - loadIPPluginJar : add aes
2023-10-07 23:48:38,383 [INFO] IPUIPlugin:74 - create IPUIPlugin
2023-10-07 23:48:38,383 [INFO] PluginManager:213 - loadIPPluginJar : add can
2023-10-07 23:48:38,384 [INFO] IPUIPlugin:74 - create IPUIPlugin
2023-10-07 23:48:38,384 [INFO] PluginManager:213 - loadIPPluginJar : add comp
2023-10-07 23:48:38,385 [INFO] IPUIPlugin:74 - create IPUIPlugin
2023-10-07 23:48:38,385 [INFO] PluginManager:213 - loadIPPluginJar : add cryp
2023-10-07 23:48:38,387 [INFO] IPUIPlugin:74 - create IPUIPlugin
2023-10-07 23:48:38,387 [INFO] PluginManager:213 - loadIPPluginJar : add dfsdm
2023-10-07 23:48:38,391 [INFO] IPUIPlugin:74 - create IPUIPlugin
2023-10-07 23:48:38,392 [INFO] PluginManager:213 - loadIPPluginJar : add dma
2023-10-07 23:48:38,394 [INFO] IPUIPlugin:74 - create IPUIPlugin
2023-10-07 23:48:38,394 [INFO] PluginManager:213 - loadIPPluginJar : add dma3
2023-10-07 23:48:38,395 [INFO] IPUIPlugin:74 - create IPUIPlugin
2023-10-07 23:48:38,395 [INFO] PluginManager:213 - loadIPPluginJar : add fatfs
2023-10-07 23:48:38,398 [INFO] IPUIPlugin:74 - create IPUIPlugin
2023-10-07 23:48:38,398 [INFO] PluginManager:213 - loadIPPluginJar : add fmc
2023-10-07 23:48:38,402 [INFO] IPUIPlugin:74 - create IPUIPlugin
2023-10-07 23:48:38,403 [INFO] PluginManager:213 - loadIPPluginJar : add freertos
2023-10-07 23:48:38,404 [INFO] IPUIPlugin:74 - create IPUIPlugin
2023-10-07 23:48:38,404 [INFO] PluginManager:213 - loadIPPluginJar : add genericplugin
2023-10-07 23:48:38,405 [INFO] IPUIPlugin:74 - create IPUIPlugin
2023-10-07 23:48:38,405 [INFO] PluginManager:213 - loadIPPluginJar : add gfxmmu
2023-10-07 23:48:38,409 [INFO] IPUIPlugin:74 - create IPUIPlugin
2023-10-07 23:48:38,409 [INFO] PluginManager:213 - loadIPPluginJar : add gic
2023-10-07 23:48:38,412 [INFO] IPUIPlugin:74 - create IPUIPlugin
2023-10-07 23:48:38,412 [INFO] PluginManager:213 - loadIPPluginJar : add gpio
2023-10-07 23:48:38,413 [INFO] IPUIPlugin:74 - create IPUIPlugin
2023-10-07 23:48:38,414 [INFO] PluginManager:213 - loadIPPluginJar : add gtzc
2023-10-07 23:48:38,415 [INFO] IPUIPlugin:74 - create IPUIPlugin
2023-10-07 23:48:38,416 [INFO] PluginManager:213 - loadIPPluginJar : add hash
2023-10-07 23:48:38,418 [INFO] IPUIPlugin:74 - create IPUIPlugin
2023-10-07 23:48:38,419 [INFO] PluginManager:213 - loadIPPluginJar : add i2c
2023-10-07 23:48:38,425 [INFO] IPUIPlugin:74 - create IPUIPlugin
2023-10-07 23:48:38,426 [INFO] PluginManager:213 - loadIPPluginJar : add i2s
2023-10-07 23:48:38,429 [INFO] IPUIPlugin:74 - create IPUIPlugin
2023-10-07 23:48:38,429 [INFO] PluginManager:213 - loadIPPluginJar : add ipddr
2023-10-07 23:48:38,434 [INFO] IPUIPlugin:74 - create IPUIPlugin
2023-10-07 23:48:38,435 [INFO] PluginManager:213 - loadIPPluginJar : add linkedlist
2023-10-07 23:48:38,436 [INFO] IPUIPlugin:74 - create IPUIPlugin
2023-10-07 23:48:38,436 [INFO] PluginManager:213 - loadIPPluginJar : add lorawan
2023-10-07 23:48:38,437 [INFO] IPUIPlugin:74 - create IPUIPlugin
2023-10-07 23:48:38,437 [INFO] PluginManager:213 - loadIPPluginJar : add ltdc
2023-10-07 23:48:38,440 [INFO] IPUIPlugin:74 - create IPUIPlugin
2023-10-07 23:48:38,440 [INFO] PluginManager:213 - loadIPPluginJar : add mdma
2023-10-07 23:48:38,442 [INFO] IPUIPlugin:74 - create IPUIPlugin
2023-10-07 23:48:38,442 [INFO] PluginManager:213 - loadIPPluginJar : add nvic
2023-10-07 23:48:38,444 [INFO] IPUIPlugin:74 - create IPUIPlugin
2023-10-07 23:48:38,444 [INFO] PluginManager:213 - loadIPPluginJar : add opamp
2023-10-07 23:48:38,446 [INFO] IPUIPlugin:74 - create IPUIPlugin
2023-10-07 23:48:38,447 [INFO] PluginManager:213 - loadIPPluginJar : add openamp
2023-10-07 23:48:38,449 [INFO] IPUIPlugin:74 - create IPUIPlugin
2023-10-07 23:48:38,449 [INFO] PluginManager:213 - loadIPPluginJar : add pdm2pcm
2023-10-07 23:48:38,454 [INFO] IPUIPlugin:74 - create IPUIPlugin
2023-10-07 23:48:38,454 [INFO] PluginManager:213 - loadIPPluginJar : add plateformsettings
2023-10-07 23:48:38,454 [INFO] IPUIPlugin:74 - create IPUIPlugin
2023-10-07 23:48:38,454 [INFO] PluginManager:213 - loadIPPluginJar : add quadspi
2023-10-07 23:48:38,454 [INFO] IPUIPlugin:74 - create IPUIPlugin
2023-10-07 23:48:38,454 [INFO] PluginManager:213 - loadIPPluginJar : add resmgrutility
2023-10-07 23:48:38,454 [INFO] IPUIPlugin:74 - create IPUIPlugin
2023-10-07 23:48:38,454 [INFO] PluginManager:213 - loadIPPluginJar : add sai
2023-10-07 23:48:38,454 [INFO] IPUIPlugin:74 - create IPUIPlugin
2023-10-07 23:48:38,454 [INFO] PluginManager:213 - loadIPPluginJar : add spi
2023-10-07 23:48:38,454 [INFO] IPUIPlugin:74 - create IPUIPlugin
2023-10-07 23:48:38,454 [INFO] PluginManager:213 - loadIPPluginJar : add stm32_wpan
2023-10-07 23:48:38,454 [INFO] IPUIPlugin:74 - create IPUIPlugin
2023-10-07 23:48:38,469 [INFO] PluginManager:213 - loadIPPluginJar : add tim
2023-10-07 23:48:38,471 [INFO] IPUIPlugin:74 - create IPUIPlugin
2023-10-07 23:48:38,471 [INFO] PluginManager:213 - loadIPPluginJar : add touchsensing
2023-10-07 23:48:38,473 [INFO] IPUIPlugin:74 - create IPUIPlugin
2023-10-07 23:48:38,473 [INFO] PluginManager:213 - loadIPPluginJar : add tracer_emb
2023-10-07 23:48:38,474 [INFO] IPUIPlugin:74 - create IPUIPlugin
2023-10-07 23:48:38,474 [INFO] PluginManager:213 - loadIPPluginJar : add ts
2023-10-07 23:48:38,475 [INFO] IPUIPlugin:74 - create IPUIPlugin
2023-10-07 23:48:38,475 [INFO] PluginManager:213 - loadIPPluginJar : add tsc
2023-10-07 23:48:38,476 [INFO] IPUIPlugin:74 - create IPUIPlugin
2023-10-07 23:48:38,476 [INFO] PluginManager:213 - loadIPPluginJar : add ucpd
2023-10-07 23:48:38,478 [INFO] IPUIPlugin:74 - create IPUIPlugin
2023-10-07 23:48:38,478 [INFO] PluginManager:213 - loadIPPluginJar : add usart
2023-10-07 23:48:38,480 [INFO] IPUIPlugin:74 - create IPUIPlugin
2023-10-07 23:48:38,480 [INFO] PluginManager:213 - loadIPPluginJar : add usbx
2023-10-07 23:48:38,748 [FATAL] Updater:294 - Updater called before beeing initialized
2023-10-07 23:48:38,841 [FATAL] Updater:294 - Updater called before beeing initialized
2023-10-07 23:48:38,845 [INFO] DbMcusAds:47 - JSON generation date=Tue Mar 07 15:50:55 ICT 2023 (1678179055114)
2023-10-07 23:48:38,845 [FATAL] Updater:294 - Updater called before beeing initialized
2023-10-07 23:48:38,880 [WARN] DetailPanel:314 - Failed to get advertising image, set to default
2023-10-07 23:48:38,955 [FATAL] Updater:294 - Updater called before beeing initialized
2023-10-07 23:48:38,959 [FATAL] Updater:294 - Updater called before beeing initialized
2023-10-07 23:48:38,959 [FATAL] Updater:294 - Updater called before beeing initialized
2023-10-07 23:48:38,959 [WARN] DetailPanel:314 - Failed to get advertising image, set to default
2023-10-07 23:48:38,959 [FATAL] Updater:294 - Updater called before beeing initialized
2023-10-07 23:48:39,005 [ERROR] Updater:1075 - MainUpdater not yet initialized. External WinMGr cannot be set.
2023-10-07 23:48:39,007 [INFO] Updater:1012 - Updater Version found : 6.3.0
2023-10-07 23:48:39,024 [INFO] ApplicationProperties:181 - Using Application install path: D:\IDEmcu\STM32CubeIDE_1.7.0\STM32CubeIDE\plugins\com.st.stm32cube.common.mx_6.3.0.202107141111
2023-10-07 23:48:40,995 [INFO] ThirdPartyUpdaterWithRetryManager:66 - Updater plugin not ready yet. [2/15]
2023-10-07 23:48:41,019 [INFO] MainUpdater:2671 - connection check result : 10
2023-10-07 23:48:41,020 [INFO] MainUpdater:265 - Updater Check For Update Now.
2023-10-07 23:48:41,020 [INFO] MicroXplorer:478 - Change Database Version : DB.6.0.30
2023-10-07 23:48:41,168 [INFO] CheckServerUpdateThread:112 - End of CheckServer Thread
2023-10-07 23:48:41,244 [INFO] MainUpdater:2671 - connection check result : 10
2023-10-07 23:48:41,253 [INFO] McuFinderGlobals:52 - Set McuFinderConnectedMode to true
2023-10-07 23:48:41,580 [INFO] ServerAccessManage:362 - Download File mcusAds.json._tmp_
2023-10-07 23:48:41,692 [INFO] LoadUrlFilesThread:145 - End of LoadUrlFiles Thread
2023-10-07 23:48:42,685 [INFO] ServerAccessManage:362 - Download File mcusDocs.json._tmp_
2023-10-07 23:48:43,607 [INFO] LoadUrlFilesThread:145 - End of LoadUrlFiles Thread
2023-10-07 23:48:43,851 [INFO] ServerAccessManage:362 - Download File mcusFeaturesAndDescription.json._tmp_
2023-10-07 23:48:44,004 [WARN] MainUpdater:1122 - Updater busy. Cannot search thirdparties
2023-10-07 23:48:44,004 [INFO] ThirdPartyUpdaterWithRetryManager:92 - Updater plugin is busy. [1/15]
2023-10-07 23:48:45,956 [INFO] LoadUrlFilesThread:145 - End of LoadUrlFiles Thread
2023-10-07 23:48:46,194 [INFO] ServerAccessManage:362 - Download File boardsDocs.json._tmp_
2023-10-07 23:48:46,327 [INFO] LoadUrlFilesThread:145 - End of LoadUrlFiles Thread
2023-10-07 23:48:46,721 [INFO] ServerAccessManage:362 - Download File boards.json._tmp_
2023-10-07 23:48:47,015 [WARN] MainUpdater:1122 - Updater busy. Cannot search thirdparties
2023-10-07 23:48:47,015 [INFO] ThirdPartyUpdaterWithRetryManager:92 - Updater plugin is busy. [2/15]
2023-10-07 23:48:47,037 [INFO] LoadUrlFilesThread:145 - End of LoadUrlFiles Thread
2023-10-07 23:48:47,288 [INFO] ServerAccessManage:362 - Download File cube-finder-db.zip
2023-10-07 23:48:50,028 [WARN] MainUpdater:1122 - Updater busy. Cannot search thirdparties
2023-10-07 23:48:50,028 [INFO] ThirdPartyUpdaterWithRetryManager:92 - Updater plugin is busy. [3/15]
2023-10-07 23:48:52,283 [INFO] FileExtend:235 - Unzip File : cube-finder-db.zip
2023-10-07 23:48:52,283 [INFO] FileExtend:250 - Standard Zip Deflate
2023-10-07 23:48:53,041 [WARN] MainUpdater:1122 - Updater busy. Cannot search thirdparties
2023-10-07 23:48:53,041 [INFO] ThirdPartyUpdaterWithRetryManager:92 - Updater plugin is busy. [4/15]
2023-10-07 23:48:53,080 [INFO] LoadUrlFilesThread:145 - End of LoadUrlFiles Thread
2023-10-07 23:48:54,384 [INFO] ServerAccessManage:362 - Download File crdb.zip
2023-10-07 23:48:56,055 [WARN] MainUpdater:1122 - Updater busy. Cannot search thirdparties
2023-10-07 23:48:56,055 [INFO] ThirdPartyUpdaterWithRetryManager:92 - Updater plugin is busy. [5/15]
2023-10-07 23:48:56,488 [INFO] FileExtend:235 - Unzip File : crdb.zip
2023-10-07 23:48:56,488 [INFO] FileExtend:250 - Standard Zip Deflate
2023-10-07 23:48:56,677 [INFO] LoadUrlFilesThread:145 - End of LoadUrlFiles Thread
2023-10-07 23:48:57,105 [INFO] ServerAccessManage:362 - Download File tutoVideoDB.zip
2023-10-07 23:48:57,209 [INFO] FileExtend:235 - Unzip File : tutoVideoDB.zip
2023-10-07 23:48:57,209 [INFO] FileExtend:250 - Standard Zip Deflate
2023-10-07 23:48:57,331 [INFO] LoadUrlFilesThread:145 - End of LoadUrlFiles Thread
2023-10-07 23:48:57,332 [INFO] DbMcusAds:47 - JSON generation date=Tue Mar 07 15:50:55 ICT 2023 (1678179055335)
2023-10-07 23:48:57,345 [INFO] DbMcusDocs:143 - JSON generation date=Tue Nov 16 23:17:54 ICT 2021 (1637079474)
2023-10-07 23:48:57,346 [INFO] DbMcusXml:100 - Load MCU database from D:\IDEmcu\STM32CubeIDE_1.7.0\STM32CubeIDE\plugins\com.st.stm32cube.common.mx_6.3.0.202107141111\\db\/mcu/families.xml
2023-10-07 23:48:57,992 [INFO] DbMcusJson:93 - JSON generation date=Tue Nov 16 23:17:54 ICT 2021 (1637079474)
2023-10-07 23:48:58,792 [INFO] DbMcus:175 - Found 1951 MCUs (1903 are supported by CubeMX, 1914 are visible in CubeMX)
2023-10-07 23:48:58,792 [INFO] ApiDb:251 - Load user favorites file C:\Users\Admin/.stm32cubeide/favorites.mcus.txt: 0 item(s)
2023-10-07 23:48:58,792 [INFO] ApiDb:255 - User favorites MCUs=[]
2023-10-07 23:48:58,792 [INFO] DbMcus:187 - Set 0 / 0 favorites MCUs
2023-10-07 23:48:59,163 [ERROR] Engine:463 - C:\Users\Admin\.stm32cubemx\thirdparties\pdsc\STMicroelectronics.X-CUBE-SMBUS.2.1.0.pdsc: PDSC version is not supported
2023-10-07 23:48:59,205 [WARN] PackLoader:238 - Cannot read IP mode file for STMicroelectronics.X-CUBE-AZRTOS-F7.1.1.0
2023-10-07 23:48:59,214 [ERROR] Engine:463 - C:\Users\Admin\.stm32cubemx\thirdparties\pdsc\STMicroelectronics.FP-SNS-MOTENV1.4.3.2.pdsc: PDSC version is not supported
2023-10-07 23:48:59,216 [ERROR] Engine:463 - C:\Users\Admin\.stm32cubemx\thirdparties\pdsc\STMicroelectronics.FP-SNS-FLIGHT1.5.0.2.pdsc: PDSC version is not supported
2023-10-07 23:48:59,219 [ERROR] Engine:463 - C:\Users\Admin\.stm32cubemx\thirdparties\pdsc\STMicroelectronics.X-CUBE-DISPLAY.3.0.0.pdsc: PDSC version is not supported
2023-10-07 23:48:59,227 [WARN] PackLoader:238 - Cannot read IP mode file for STMicroelectronics.X-CUBE-BLE1.7.0.0
2023-10-07 23:48:59,231 [ERROR] Engine:463 - C:\Users\Admin\.stm32cubemx\thirdparties\pdsc\emotas.I-CUBE-CANOPEN.1.3.0.pdsc: PDSC version is not supported
2023-10-07 23:48:59,235 [WARN] PackLoader:238 - Cannot read IP mode file for STMicroelectronics.X-CUBE-TOUCHGFX.4.22.0
2023-10-07 23:48:59,238 [WARN] PackLoader:238 - Cannot read IP mode file for STMicroelectronics.X-CUBE-TOUCHGFX.4.22.1
2023-10-07 23:48:59,241 [ERROR] Engine:463 - C:\Users\Admin\.stm32cubemx\thirdparties\pdsc\STMicroelectronics.FP-SNS-SMARTAG2.1.2.0.pdsc: PDSC version is not supported
2023-10-07 23:48:59,251 [INFO] LogOutputStream:76 - [STDOUT_REDIRECT] 1 : Invalid condition id : UX_CORESTACK_Condition cause : null
2023-10-07 23:48:59,254 [INFO] LogOutputStream:76 - [STDOUT_REDIRECT] 1 : Invalid condition id : UX_CORESTACK_Condition cause : null
2023-10-07 23:48:59,255 [INFO] LogOutputStream:76 - [STDOUT_REDIRECT] 1 : Invalid condition id : UX_CORESTACK_Condition cause : null
2023-10-07 23:48:59,256 [INFO] LogOutputStream:76 - [STDOUT_REDIRECT] 1 : Invalid condition id : UX_CORESTACK_Condition cause : null
2023-10-07 23:48:59,257 [INFO] LogOutputStream:76 - [STDOUT_REDIRECT] 1 : Invalid condition id : UX_CORESTACK_Condition cause : null
2023-10-07 23:48:59,261 [WARN] PackLoader:238 - Cannot read IP mode file for STMicroelectronics.X-CUBE-AZRTOS-WL.2.0.0
2023-10-07 23:48:59,270 [WARN] PackLoader:238 - Cannot read IP mode file for WES.I-CUBE-Cesium.1.3.0
2023-10-07 23:48:59,275 [WARN] PackLoader:238 - Cannot read IP mode file for STMicroelectronics.X-CUBE-BLE2.3.3.0
2023-10-07 23:48:59,281 [WARN] PackLoader:238 - Cannot read IP mode file for STMicroelectronics.X-CUBE-ALGOBUILD.1.3.0
2023-10-07 23:48:59,300 [WARN] PackLoader:238 - Cannot read IP mode file for STMicroelectronics.X-CUBE-AZRTOS-G0.1.1.0
2023-10-07 23:48:59,302 [WARN] PackLoader:238 - Cannot read IP mode file for STMicroelectronics.X-CUBE-NFC4.3.0.0
2023-10-07 23:48:59,315 [WARN] PackLoader:238 - Cannot read IP mode file for STMicroelectronics.FP-ATR-SIGFOX1.3.2.0
2023-10-07 23:48:59,363 [WARN] PackLoader:238 - Cannot read IP mode file for SEGGER.I-CUBE-embOS.1.3.1
2023-10-07 23:48:59,419 [WARN] PackLoader:238 - Cannot read IP mode file for STMicroelectronics.X-CUBE-GNSS1.6.0.0
2023-10-07 23:48:59,436 [WARN] PackLoader:238 - Cannot read IP mode file for STMicroelectronics.X-CUBE-AZRTOS-F4.1.1.0
2023-10-07 23:48:59,442 [WARN] PackLoader:238 - Cannot read IP mode file for wolfSSL.I-CUBE-wolfSSL.5.6.3
2023-10-07 23:48:59,463 [WARN] PackLoader:238 - Cannot read IP mode file for STMicroelectronics.X-CUBE-AZRTOS-L5.2.0.0
2023-10-07 23:48:59,506 [WARN] PackLoader:238 - Cannot read IP mode file for STMicroelectronics.X-CUBE-MEMS1.9.6.0
2023-10-07 23:48:59,576 [INFO] DbMcusDocs:79 - Found 682 MCUs documents
2023-10-07 23:48:59,578 [INFO] ApiDb:276 - Save user favorites file C:\Users\Admin/.stm32cubeide/favorites.mcus.txt: 0 item(s)
2023-10-07 23:48:59,578 [INFO] ApiDb:280 - User favorites MCUs=[]
2023-10-07 23:48:59,579 [INFO] DbMcusXml:100 - Load MCU database from D:\IDEmcu\STM32CubeIDE_1.7.0\STM32CubeIDE\plugins\com.st.stm32cube.common.mx_6.3.0.202107141111\\db\/mcu/families.xml
2023-10-07 23:48:59,674 [ERROR] Engine:463 - C:\Users\Admin\.stm32cubemx\thirdparties\pdsc\ITTIA_DB.I-CUBE-ITTIADB.8.8.0.pdsc: PDSC version is not supported
2023-10-07 23:48:59,683 [WARN] PackLoader:238 - Cannot read IP mode file for STMicroelectronics.X-CUBE-BLEMGR.2.0.0
2023-10-07 23:48:59,711 [WARN] ConditionMgr:437 - getConditionDescription Invalid condition id : UX DEVICE CLASS RTOS Condition cause : null
2023-10-07 23:48:59,712 [WARN] ConditionMgr:437 - getConditionDescription Invalid condition id : UX DEVICE CLASS RTOS Condition cause : null
2023-10-07 23:48:59,716 [WARN] PackLoader:238 - Cannot read IP mode file for STMicroelectronics.X-CUBE-AZRTOS-H7.3.1.0
2023-10-07 23:48:59,718 [WARN] ConditionMgr:1038 - genDependencies : Invalid condition id : UX DEVICE CLASS RTOS Condition cause : null
2023-10-07 23:48:59,718 [WARN] ConditionMgr:1038 - genDependencies : Invalid condition id : UX DEVICE CLASS RTOS Condition cause : null
2023-10-07 23:48:59,719 [WARN] ConditionMgr:1038 - genDependencies : Invalid condition id : UX DEVICE CLASS RTOS Condition cause : null
2023-10-07 23:48:59,720 [WARN] ConditionMgr:1038 - genDependencies : Invalid condition id : UX DEVICE CLASS RTOS Condition cause : null
2023-10-07 23:48:59,720 [WARN] ConditionMgr:1038 - genDependencies : Invalid condition id : UX DEVICE CLASS RTOS Condition cause : null
2023-10-07 23:48:59,728 [WARN] PackLoader:238 - Cannot read IP mode file for STMicroelectronics.X-CUBE-NFC7.1.0.1
2023-10-07 23:48:59,737 [WARN] PackLoader:238 - Cannot read IP mode file for STMicroelectronics.X-CUBE-NFC6.3.0.0
2023-10-07 23:48:59,744 [WARN] PackLoader:238 - Cannot read IP mode file for STMicroelectronics.X-CUBE-EEPRMA1.4.1.0
2023-10-07 23:48:59,748 [WARN] PackLoader:238 - Cannot read IP mode file for STMicroelectronics.X-CUBE-AI.8.1.0
2023-10-07 23:48:59,795 [WARN] ConditionMgr:437 - getConditionDescription Invalid condition id : LAN8742 Phy interface Condition cause : null
2023-10-07 23:48:59,796 [WARN] PackLoader:238 - Cannot read IP mode file for STMicroelectronics.X-CUBE-AZRTOS-L4.2.0.0
2023-10-07 23:48:59,798 [WARN] ConditionMgr:1038 - genDependencies : Invalid condition id : LAN8742 Phy interface Condition cause : null
2023-10-07 23:48:59,798 [WARN] ConditionMgr:1038 - genDependencies : Invalid condition id : LAN8742 Phy interface Condition cause : null
2023-10-07 23:48:59,799 [WARN] ConditionMgr:1038 - genDependencies : Invalid condition id : LAN8742 Phy interface Condition cause : null
2023-10-07 23:48:59,809 [WARN] PackLoader:238 - Cannot read IP mode file for STMicroelectronics.X-CUBE-SFXS2LP1.4.0.0
2023-10-07 23:48:59,815 [WARN] PackLoader:238 - Cannot read IP mode file for STMicroelectronics.X-CUBE-ISPU.1.1.0
2023-10-07 23:48:59,835 [WARN] ConditionMgr:437 - getConditionDescription Invalid condition id : UX DEVICE CLASS RTOS Condition cause : null
2023-10-07 23:48:59,835 [WARN] ConditionMgr:437 - getConditionDescription Invalid condition id : UX DEVICE CLASS RTOS Condition cause : null
2023-10-07 23:48:59,837 [WARN] PackLoader:238 - Cannot read IP mode file for STMicroelectronics.X-CUBE-AZRTOS-WB.2.0.0
2023-10-07 23:48:59,837 [WARN] ConditionMgr:1038 - genDependencies : Invalid condition id : UX DEVICE CLASS RTOS Condition cause : null
2023-10-07 23:48:59,837 [WARN] ConditionMgr:1038 - genDependencies : Invalid condition id : UX DEVICE CLASS RTOS Condition cause : null
2023-10-07 23:48:59,838 [WARN] ConditionMgr:1038 - genDependencies : Invalid condition id : UX DEVICE CLASS RTOS Condition cause : null
2023-10-07 23:48:59,838 [WARN] ConditionMgr:1038 - genDependencies : Invalid condition id : UX DEVICE CLASS RTOS Condition cause : null
2023-10-07 23:48:59,839 [WARN] ConditionMgr:1038 - genDependencies : Invalid condition id : UX DEVICE CLASS RTOS Condition cause : null
2023-10-07 23:48:59,855 [WARN] PackLoader:238 - Cannot read IP mode file for STMicroelectronics.X-CUBE-SUBG2.5.0.0
2023-10-07 23:48:59,877 [ERROR] Engine:463 - C:\Users\Admin\.stm32cubemx\thirdparties\pdsc\STMicroelectronics.X-CUBE-TOF1.3.3.1.pdsc: PDSC version is not supported
2023-10-07 23:48:59,914 [WARN] PackLoader:238 - Cannot read IP mode file for STMicroelectronics.X-CUBE-AZRTOS-G4.2.0.0
2023-10-07 23:48:59,924 [ERROR] Engine:463 - C:\Users\Admin\.stm32cubemx\thirdparties\pdsc\Infineon.AIROC-Wi-Fi-Bluetooth-STM32.1.5.1.pdsc: PDSC version is not supported
2023-10-07 23:48:59,927 [ERROR] Engine:463 - C:\Users\Admin\.stm32cubemx\thirdparties\pdsc\STMicroelectronics.X-CUBE-FREERTOS.1.1.0.pdsc: PDSC version is not supported
2023-10-07 23:48:59,932 [WARN] PackLoader:238 - Cannot read IP mode file for portGmbH.I-Cube-SoM-uGOAL.1.1.0
2023-10-07 23:48:59,938 [WARN] PackLoader:238 - Cannot read IP mode file for STMicroelectronics.X-CUBE-ALS.1.0.1
2023-10-07 23:48:59,942 [WARN] PackLoader:238 - Cannot read IP mode file for STMicroelectronics.FP-ATR-ASTRA1.2.0.0
2023-10-07 23:48:59,942 [INFO] ThirdParty:915 - Integrity check success = true
2023-10-07 23:48:59,942 [INFO] IntegrityCheckThread:94 - exiting critical section [integrity check]
2023-10-07 23:48:59,942 [INFO] IntegrityCheckThread:97 - End integrity checks thread
2023-10-07 23:49:00,335 [INFO] DbMcusJson:93 - JSON generation date=Tue Nov 16 23:17:54 ICT 2021 (1637079474)
2023-10-07 23:49:01,425 [INFO] DbMcus:175 - Found 1951 MCUs (1903 are supported by CubeMX, 1914 are visible in CubeMX)
2023-10-07 23:49:01,426 [INFO] ApiDb:251 - Load user favorites file C:\Users\Admin/.stm32cubeide/favorites.mcus.txt: 0 item(s)
2023-10-07 23:49:01,426 [INFO] ApiDb:255 - User favorites MCUs=[]
2023-10-07 23:49:01,426 [INFO] DbMcus:187 - Set 0 / 0 favorites MCUs
2023-10-07 23:49:01,433 [INFO] DbBoardsDocs:143 - JSON generation date=Tue Nov 16 23:17:54 ICT 2021 (1637079474)
2023-10-07 23:49:01,451 [INFO] DbBoardsPdsc:90 - Found 25 items
2023-10-07 23:49:01,460 [INFO] DbBoardsPdsc:90 - Found 9 items
2023-10-07 23:49:01,471 [INFO] DbBoardsPdsc:90 - Found 33 items
2023-10-07 23:49:01,481 [INFO] DbBoardsPdsc:90 - Found 1 items
2023-10-07 23:49:01,496 [INFO] DbBoardsPdsc:90 - Found 48 items
2023-10-07 23:49:01,513 [INFO] DbBoardsPdsc:90 - Found 43 items
2023-10-07 23:49:01,523 [INFO] DbBoardsPdsc:90 - Found 2 items
2023-10-07 23:49:01,533 [INFO] DbBoardsPdsc:90 - Found 5 items
2023-10-07 23:49:01,537 [WARN] DbBoardsPdsc:254 - Board STM32H7B3I-DK: unknown feature type=Audio, name=, username=Audio stereo codec with Headphone Amp (CS42L51-CNZ), n=1
2023-10-07 23:49:01,538 [WARN] DbBoardsPdsc:254 - Board STM32H735G-DK: unknown feature type=Audio, name=, username=Audio stereo codec with Headphone Amp (WM8994ECS/R), n=1
2023-10-07 23:49:01,539 [WARN] DbBoardsPdsc:254 - Board STM32H7B3I-EVAL: unknown feature type=Audio, name=, username=Multi-Channel Audio Codec (CS42L51-CNZ), n=1
2023-10-07 23:49:01,540 [WARN] DbBoardsPdsc:254 - Board STM32H7B3I-EVAL: unknown feature type=Meter, name=, username=Power-metering and Temperature-monitoring with sigma-delta modulators, n=1
2023-10-07 23:49:01,540 [WARN] DbBoardsPdsc:254 - Board STM32H7B3I-EVAL: unknown feature type=Motor, name=, username=Motor Control, n=1
2023-10-07 23:49:01,541 [WARN] DbBoardsPdsc:254 - Board STM32U575I-EV: unknown feature type=joystick, name=, username=4-direction joystick with selection button, n=1
2023-10-07 23:49:01,558 [INFO] DbBoardsJson:86 - JSON generation date=Tue Nov 16 23:17:54 ICT 2021 (1637079474)
2023-10-07 23:49:01,581 [INFO] DbBoards:117 - Found 167 boards (163 are supported by CubeMX)
2023-10-07 23:49:01,584 [INFO] DbBoardsDocs:143 - JSON generation date=Tue Nov 16 23:17:54 ICT 2021 (1637079474)
2023-10-07 23:49:01,590 [INFO] DbBoardsDocs:79 - Found 209 boards documents
2023-10-07 23:49:01,592 [WARN] DbBoards:127 - board B-L475E-IOT01A2 has no document id list !
2023-10-07 23:49:01,593 [WARN] DbBoards:127 - board NUCLEO-H743ZI has no document id list !
2023-10-07 23:49:01,594 [WARN] DbBoards:127 - board NUCLEO-WL55JC2 has no document id list !
2023-10-07 23:49:01,594 [WARN] DbBoards:127 - board P-NUCLEO-WB55-Nucleo has no document id list !
2023-10-07 23:49:01,595 [WARN] DbBoards:127 - board P-NUCLEO-WB55-USBDongle has no document id list !
2023-10-07 23:49:01,595 [WARN] DbBoards:127 - board STEVAL-BFA001V1B has no document id list !
2023-10-07 23:49:01,595 [WARN] DbBoards:127 - board STEVAL-BFA001V2B has no document id list !
2023-10-07 23:49:01,595 [WARN] DbBoards:127 - board STEVAL-IDP005V1 has no document id list !
2023-10-07 23:49:01,595 [WARN] DbBoards:127 - board STEVAL-IDP005V2 has no document id list !
2023-10-07 23:49:01,595 [WARN] DbBoards:127 - board STEVAL-MKSBOX1V1 has no document id list !
2023-10-07 23:49:01,595 [WARN] DbBoards:127 - board STEVAL-STWINKT1 has no document id list !
2023-10-07 23:49:01,595 [WARN] DbBoards:127 - board STEVAL-STWINKT1B has no document id list !
2023-10-07 23:49:01,595 [WARN] DbBoards:127 - board STM32439I-EVAL2 has no document id list !
2023-10-07 23:49:01,596 [WARN] DbBoards:127 - board STM32F401C-DISCO has no document id list !
2023-10-07 23:49:01,596 [WARN] DbBoards:127 - board STM32F769I-DISC1 has no document id list !
2023-10-07 23:49:01,597 [WARN] DbBoards:127 - board STM32G474E-EVAL1 has no document id list !
2023-10-07 23:49:01,597 [WARN] DbBoards:127 - board STM32H743I-EVAL2 has no document id list !
2023-10-07 23:49:01,598 [WARN] DbBoards:127 - board STM32H747I-DISC1 has no document id list !
2023-10-07 23:49:01,598 [WARN] DbBoards:127 - board STM32H753I-EVAL2 has no document id list !
2023-10-07 23:49:01,598 [WARN] DbBoards:127 - board STM32L-DISCOVERY has no document id list !
2023-10-07 23:49:01,936 [ERROR] DbBoards:189 - Image file not found for board B-U585I-IOT02A: D:\IDEmcu\STM32CubeIDE_1.7.0\STM32CubeIDE\plugins\com.st.stm32cube.common.mx_6.3.0.202107141111\\db\/plugins/mcufinder/images/boards/B-U585I-IOT02A_small.jpg
2023-10-07 23:49:02,158 [ERROR] DbBoards:189 - Image file not found for board NUCLEO-F413ZH: D:\IDEmcu\STM32CubeIDE_1.7.0\STM32CubeIDE\plugins\com.st.stm32cube.common.mx_6.3.0.202107141111\\db\/plugins/mcufinder/images/boards/nucleo-f413zh_small.jpg
2023-10-07 23:49:02,334 [ERROR] DbBoards:189 - Image file not found for board NUCLEO-L552ZE-Q: D:\IDEmcu\STM32CubeIDE_1.7.0\STM32CubeIDE\plugins\com.st.stm32cube.common.mx_6.3.0.202107141111\\db\/plugins/mcufinder/images/boards/nucleo_l552ze_q_small.jpg
2023-10-07 23:49:02,334 [ERROR] DbBoards:189 - Image file not found for board NUCLEO-U575ZI-Q: D:\IDEmcu\STM32CubeIDE_1.7.0\STM32CubeIDE\plugins\com.st.stm32cube.common.mx_6.3.0.202107141111\\db\/plugins/mcufinder/images/boards/nucleo-u575zi-q_small.jpg
2023-10-07 23:49:02,334 [ERROR] DbBoards:189 - Image file not found for board NUCLEO-WB15CC: D:\IDEmcu\STM32CubeIDE_1.7.0\STM32CubeIDE\plugins\com.st.stm32cube.common.mx_6.3.0.202107141111\\db\/plugins/mcufinder/images/boards/nucleo-wb15cc_small.jpg
2023-10-07 23:49:02,334 [ERROR] DbBoards:189 - Image file not found for board NUCLEO-WB55RG: D:\IDEmcu\STM32CubeIDE_1.7.0\STM32CubeIDE\plugins\com.st.stm32cube.common.mx_6.3.0.202107141111\\db\/plugins/mcufinder/images/boards/nucleo-wb55rg_small.jpg
2023-10-07 23:49:03,829 [INFO] ApiDb:251 - Load user favorites file C:\Users\Admin/.stm32cubeide/favorites.boards.txt: 0 item(s)
2023-10-07 23:49:03,829 [INFO] ApiDb:255 - User favorites Boards=[]
2023-10-07 23:49:03,829 [INFO] DbBoards:206 - Set 0 / 0 favorites Boards
2023-10-07 23:49:03,832 [INFO] DbBoardsDocs:79 - Found 418 boards documents
2023-10-07 23:49:03,833 [INFO] ApiDb:276 - Save user favorites file C:\Users\Admin/.stm32cubeide/favorites.boards.txt: 0 item(s)
2023-10-07 23:49:03,833 [INFO] ApiDb:280 - User favorites Boards=[]
2023-10-07 23:49:03,836 [INFO] DbBoardsPdsc:90 - Found 25 items
2023-10-07 23:49:03,838 [INFO] DbBoardsPdsc:90 - Found 9 items
2023-10-07 23:49:03,840 [INFO] DbBoardsPdsc:90 - Found 33 items
2023-10-07 23:49:03,842 [INFO] DbBoardsPdsc:90 - Found 1 items
2023-10-07 23:49:03,847 [INFO] DbBoardsPdsc:90 - Found 48 items
2023-10-07 23:49:03,853 [INFO] DbBoardsPdsc:90 - Found 43 items
2023-10-07 23:49:03,854 [INFO] DbBoardsPdsc:90 - Found 2 items
2023-10-07 23:49:03,855 [INFO] DbBoardsPdsc:90 - Found 5 items
2023-10-07 23:49:03,857 [WARN] DbBoardsPdsc:254 - Board STM32H7B3I-DK: unknown feature type=Audio, name=, username=Audio stereo codec with Headphone Amp (CS42L51-CNZ), n=1
2023-10-07 23:49:03,858 [WARN] DbBoardsPdsc:254 - Board STM32H735G-DK: unknown feature type=Audio, name=, username=Audio stereo codec with Headphone Amp (WM8994ECS/R), n=1
2023-10-07 23:49:03,859 [WARN] DbBoardsPdsc:254 - Board STM32H7B3I-EVAL: unknown feature type=Audio, name=, username=Multi-Channel Audio Codec (CS42L51-CNZ), n=1
2023-10-07 23:49:03,859 [WARN] DbBoardsPdsc:254 - Board STM32H7B3I-EVAL: unknown feature type=Meter, name=, username=Power-metering and Temperature-monitoring with sigma-delta modulators, n=1
2023-10-07 23:49:03,859 [WARN] DbBoardsPdsc:254 - Board STM32H7B3I-EVAL: unknown feature type=Motor, name=, username=Motor Control, n=1
2023-10-07 23:49:03,860 [WARN] DbBoardsPdsc:254 - Board STM32U575I-EV: unknown feature type=joystick, name=, username=4-direction joystick with selection button, n=1
2023-10-07 23:49:03,879 [INFO] DbBoardsJson:86 - JSON generation date=Tue Nov 16 23:17:54 ICT 2021 (1637079474)
2023-10-07 23:49:03,883 [INFO] DbBoards:117 - Found 167 boards (163 are supported by CubeMX)
2023-10-07 23:49:03,884 [WARN] DbBoards:127 - board B-L475E-IOT01A2 has no document id list !
2023-10-07 23:49:03,884 [WARN] DbBoards:127 - board NUCLEO-H743ZI has no document id list !
2023-10-07 23:49:03,884 [WARN] DbBoards:127 - board NUCLEO-WL55JC2 has no document id list !
2023-10-07 23:49:03,884 [WARN] DbBoards:127 - board P-NUCLEO-WB55-Nucleo has no document id list !
2023-10-07 23:49:03,884 [WARN] DbBoards:127 - board P-NUCLEO-WB55-USBDongle has no document id list !
2023-10-07 23:49:03,884 [WARN] DbBoards:127 - board STEVAL-BFA001V1B has no document id list !
2023-10-07 23:49:03,884 [WARN] DbBoards:127 - board STEVAL-BFA001V2B has no document id list !
2023-10-07 23:49:03,884 [WARN] DbBoards:127 - board STEVAL-IDP005V1 has no document id list !
2023-10-07 23:49:03,884 [WARN] DbBoards:127 - board STEVAL-IDP005V2 has no document id list !
2023-10-07 23:49:03,884 [WARN] DbBoards:127 - board STEVAL-MKSBOX1V1 has no document id list !
2023-10-07 23:49:03,884 [WARN] DbBoards:127 - board STEVAL-STWINKT1 has no document id list !
2023-10-07 23:49:03,884 [WARN] DbBoards:127 - board STEVAL-STWINKT1B has no document id list !
2023-10-07 23:49:03,884 [WARN] DbBoards:127 - board STM32439I-EVAL2 has no document id list !
2023-10-07 23:49:03,885 [WARN] DbBoards:127 - board STM32F401C-DISCO has no document id list !
2023-10-07 23:49:03,886 [WARN] DbBoards:127 - board STM32F769I-DISC1 has no document id list !
2023-10-07 23:49:03,886 [WARN] DbBoards:127 - board STM32G474E-EVAL1 has no document id list !
2023-10-07 23:49:03,886 [WARN] DbBoards:127 - board STM32H743I-EVAL2 has no document id list !
2023-10-07 23:49:03,886 [WARN] DbBoards:127 - board STM32H747I-DISC1 has no document id list !
2023-10-07 23:49:03,886 [WARN] DbBoards:127 - board STM32H753I-EVAL2 has no document id list !
2023-10-07 23:49:03,886 [WARN] DbBoards:127 - board STM32L-DISCOVERY has no document id list !
2023-10-07 23:49:03,963 [ERROR] DbBoards:189 - Image file not found for board B-U585I-IOT02A: D:\IDEmcu\STM32CubeIDE_1.7.0\STM32CubeIDE\plugins\com.st.stm32cube.common.mx_6.3.0.202107141111\\db\/plugins/mcufinder/images/boards/B-U585I-IOT02A_small.jpg
2023-10-07 23:49:04,040 [ERROR] DbBoards:189 - Image file not found for board NUCLEO-F413ZH: D:\IDEmcu\STM32CubeIDE_1.7.0\STM32CubeIDE\plugins\com.st.stm32cube.common.mx_6.3.0.202107141111\\db\/plugins/mcufinder/images/boards/nucleo-f413zh_small.jpg
2023-10-07 23:49:04,252 [ERROR] DbBoards:189 - Image file not found for board NUCLEO-L552ZE-Q: D:\IDEmcu\STM32CubeIDE_1.7.0\STM32CubeIDE\plugins\com.st.stm32cube.common.mx_6.3.0.202107141111\\db\/plugins/mcufinder/images/boards/nucleo_l552ze_q_small.jpg
2023-10-07 23:49:04,252 [ERROR] DbBoards:189 - Image file not found for board NUCLEO-U575ZI-Q: D:\IDEmcu\STM32CubeIDE_1.7.0\STM32CubeIDE\plugins\com.st.stm32cube.common.mx_6.3.0.202107141111\\db\/plugins/mcufinder/images/boards/nucleo-u575zi-q_small.jpg
2023-10-07 23:49:04,252 [ERROR] DbBoards:189 - Image file not found for board NUCLEO-WB15CC: D:\IDEmcu\STM32CubeIDE_1.7.0\STM32CubeIDE\plugins\com.st.stm32cube.common.mx_6.3.0.202107141111\\db\/plugins/mcufinder/images/boards/nucleo-wb15cc_small.jpg
2023-10-07 23:49:04,252 [ERROR] DbBoards:189 - Image file not found for board NUCLEO-WB55RG: D:\IDEmcu\STM32CubeIDE_1.7.0\STM32CubeIDE\plugins\com.st.stm32cube.common.mx_6.3.0.202107141111\\db\/plugins/mcufinder/images/boards/nucleo-wb55rg_small.jpg
2023-10-07 23:49:05,017 [INFO] ApiDb:251 - Load user favorites file C:\Users\Admin/.stm32cubeide/favorites.boards.txt: 0 item(s)
2023-10-07 23:49:05,017 [INFO] ApiDb:255 - User favorites Boards=[]
2023-10-07 23:49:05,017 [INFO] DbBoards:206 - Set 0 / 0 favorites Boards
2023-10-07 23:49:05,028 [INFO] LoadUrlFilesThread:172 - End of LoadServerUrlFiles without Thread
2023-10-07 23:49:05,029 [INFO] TargetSelectorAdapter:224 - Refresh data is successful
2023-10-07 23:49:05,197 [INFO] ApiDb:479 - Connected to CubeFinder SQLite database (C:\Users\Admin\.stmcufinder\plugins\mcufinder\mcu\cube-finder-db.db)
2023-10-07 23:49:06,623 [INFO] DbExamplesSqlite:411 - Ignored 27 examples not supported by CubeIDE
2023-10-07 23:49:06,623 [INFO] DbExamplesSqlite:412 - Found 7231 examples active
2023-10-07 23:49:06,623 [INFO] DbExamplesSqlite:413 - Found 677 examples obsolete
2023-10-07 23:49:06,623 [INFO] DbExamplesSqlite:414 - Found 0 examples under development
2023-10-07 23:49:06,624 [INFO] DbExamplesSqlite:415 - Found 74 examples not building
2023-10-07 23:49:06,685 [INFO] DbExamplesSqlite:108 - CubeFinder database Data Model version=2.1
2023-10-07 23:49:06,685 [INFO] DbExamplesSqlite:109 - CubeFinder database Configuration version=3.0.37
2023-10-07 23:49:06,686 [INFO] DbExamplesSqlite:110 - CubeFinder database generation date=2023-08-09 (1691586011)
2023-10-07 23:49:06,686 [INFO] DbExamplesSqlite:111 - CubeFinder database FW Pack versions=[FP-ATR-ASTRA1_V2.0.0, FP-SNS-FLIGHT1_V5.0.1, FP-SNS-FLIGHT1_V5.0.2, FP-SNS-MOTENV1_V4.3.1, FP-SNS-MOTENV1_V4.3.2, STM32Cube_FW_C0_V1.1.0, STM32Cube_FW_F4_V1.27.1, STM32Cube_FW_F7_V1.17.0, STM32Cube_FW_G0_V1.6.1, STM32Cube_FW_G4_V1.5.1, STM32Cube_FW_H5_V0.5.1, STM32Cube_FW_H5_V1.1.0, STM32Cube_FW_H7_V1.11.0, STM32Cube_FW_L0_V1.12.2, STM32Cube_FW_L5_V1.5.0, STM32Cube_FW_U5_V1.3.0, STM32Cube_FW_U5_V1.3.0RC4, STM32Cube_FW_WBA_V1.0.0RC1, STM32Cube_FW_WBA_V1.1.0, STM32Cube_FW_WBA_V1.1.0RC1, STM32Cube_FW_WB_V1.15.0RC1, STM32Cube_FW_WB_V1.16.0, STM32Cube_FW_WB_V1.16.0RC2, STM32Cube_FW_WB_V1.17.0, STM32Cube_FW_WL_V1.3.0, X-CUBE-ALGOBUILD_V1.3.0, X-CUBE-ALS_V1.0.1, X-CUBE-AZRTOS-F4_V1.1.0, X-CUBE-AZRTOS-F7_V1.1.0, X-CUBE-AZRTOS-G0_V1.1.0, X-CUBE-AZRTOS-G4_V2.0.0, X-CUBE-AZRTOS-H7_V3.1.0, X-CUBE-AZRTOS-L4_V1.0.0, X-CUBE-AZRTOS-L4_V2.0.0, X-CUBE-AZRTOS-L5_V1.1.0, X-CUBE-AZRTOS-WB_V1.1.0, X-CUBE-AZRTOS-WL_V2.0.0, X-CUBE-BLE1_V7.0.0, X-CUBE-BLE2_V3.3.0, X-CUBE-BLEMGR_V2.0.0, X-CUBE-EEPRMA1_V4.1.0, X-CUBE-FREERTOS_V1.1.0, X-CUBE-GNSS1_V6.0.0, X-CUBE-MEMS1_V9.1.0, X-CUBE-MEMS1_V9.4.0, X-CUBE-MEMS1_V9.6.0, X-CUBE-NFC4_V3.0.0, X-CUBE-NFC7_V1.0.0, X-CUBE-SFXS2LP1_V4.0.0, X-CUBE-SUBG2_V5.0.0, X-CUBE-TOF1_V3.3.1]
2023-10-07 23:49:06,687 [INFO] DbExamples:130 - Found 7278 examples
2023-10-07 23:49:07,375 [ERROR] DbExamples:206 - Found 7278 examples with invalid data (board or MCU)
2023-10-07 23:49:07,375 [INFO] DbExamples:222 - Found 79 boards with related examples
2023-10-07 23:49:07,376 [INFO] DbExamples:235 - Found 0 MCUs with related examples
2023-10-07 23:49:07,395 [INFO] ApiDb:242 - User favorites file not found: C:\Users\Admin/.stm32cubeide/favorites.examples.txt
2023-10-07 23:49:07,395 [INFO] DbExamples:256 - Set 0 / 0 favorites Examples
2023-10-07 23:49:07,553 [INFO] McuFinderGlobals:52 - Set McuFinderConnectedMode to false
2023-10-07 23:49:07,646 [INFO] CrossSelectorPresenter:1330 - Cross Selector saved comparison directory: C:\Users\Admin\.stmcufinder\plugins\mcufinder\mcu\cs_comparisons_mx
2023-10-07 23:49:07,651 [INFO] MultiScanPanel:197 - Auto-refresh data requested => check proxy status ongoing
2023-10-07 23:49:07,652 [INFO] MultiScanPanel:201 - Proxy status is invalid
2023-10-07 23:49:07,654 [INFO] FinderPluginLoader:87 - Searching for filters in installed packs
2023-10-07 23:49:08,023 [INFO] DetailPanel:309 - Set advertising image to C:/Users/Admin/STM32Cube/Repository/\en.prom-stm32h5-mcu-finder.jpg
2023-10-07 23:50:01,306 [INFO] MainUpdater:2671 - connection check result : 10
2023-10-07 23:50:01,307 [INFO] MainUpdater:2671 - connection check result : 10
2023-10-07 23:50:01,344 [INFO] MicroXplorer:448 - Change Database Path : 
2023-10-07 23:50:01,345 [INFO] MicroXplorer:478 - Change Database Version : DB.6.0.30
2023-10-07 23:50:01,345 [WARN] ThirdParty:813 - waiting for thirdparty lock release [close project]
2023-10-07 23:50:01,345 [INFO] ThirdParty:815 - entering critical section [close project]
2023-10-07 23:50:01,346 [INFO] ThirdParty:825 - exiting critical section [close project]
2023-10-07 23:50:01,349 [INFO] PinOutPanel:1463 - setPackage(No Configuration,No Configuration)
2023-10-07 23:50:01,350 [INFO] UtilMem:74 - Begin LoadConfig() Used Memory: 671627080 Bytes (768606208)
2023-10-07 23:50:01,352 [INFO] MicroXplorer:448 - Change Database Path : 
2023-10-07 23:50:01,352 [INFO] MicroXplorer:478 - Change Database Version : DB.6.0.30
2023-10-07 23:50:01,352 [INFO] OpenFileManager:313 - Change cursor
2023-10-07 23:50:01,889 [INFO] Context:592 - Trying to add GPIOservice into a context  which must be forbidden
2023-10-07 23:50:02,067 [INFO] ImportTextPane:167 - (OptionalMessage_ERROR) Unable to find key (Mcu.ThirdPartyNb) in loaded IOC file
2023-10-07 23:50:02,067 [INFO] ImportTextPane:167 - (OptionalMessage_ERROR) Unable to find key (Mcu.PinsNb) in loaded IOC file
2023-10-07 23:50:02,067 [INFO] ImportTextPane:167 - (OptionalMessage_ERROR) Unable to find key (Mcu.IPNb) in loaded IOC file
2023-10-07 23:50:02,109 [WARN] ApiManager:304 - Cannot register API 'Board Extension:GNSS1A1' from pack STMicroelectronics.X-CUBE-GNSS1.6.0.0: no header file found
2023-10-07 23:50:02,109 [WARN] ApiManager:304 - Cannot register API 'Board Support:Custom' from pack STMicroelectronics.X-CUBE-GNSS1.6.0.0: no header file found
2023-10-07 23:50:02,109 [WARN] ApiManager:304 - Cannot register API 'Data Exchange:lib_gnss' from pack STMicroelectronics.X-CUBE-GNSS1.6.0.0: no header file found
2023-10-07 23:50:02,112 [WARN] ApiManager:304 - Cannot register API 'Wireless:BlueNRG-MS' from pack STMicroelectronics.X-CUBE-BLE1.7.0.0: no header file found
2023-10-07 23:50:02,115 [WARN] ModelIntegratedComponent:60 - No mode defined for component null
2023-10-07 23:50:02,116 [WARN] ModelIntegratedComponent:60 - No mode defined for component null
2023-10-07 23:50:02,116 [WARN] ModelIntegratedComponent:60 - No mode defined for component null
2023-10-07 23:50:02,116 [WARN] ModelIntegratedComponent:60 - No mode defined for component null
2023-10-07 23:50:02,116 [WARN] ModelIntegratedComponent:60 - No mode defined for component null
2023-10-07 23:50:02,116 [WARN] ModelIntegratedComponent:60 - No mode defined for component null
2023-10-07 23:50:02,116 [WARN] ModelIntegratedComponent:60 - No mode defined for component null
2023-10-07 23:50:02,116 [WARN] ModelIntegratedComponent:60 - No mode defined for component null
2023-10-07 23:50:02,116 [WARN] ModelIntegratedComponent:60 - No mode defined for component null
2023-10-07 23:50:02,116 [WARN] ModelIntegratedComponent:60 - No mode defined for component null
2023-10-07 23:50:02,116 [WARN] ModelIntegratedComponent:60 - No mode defined for component null
2023-10-07 23:50:02,116 [WARN] ModelIntegratedComponent:60 - No mode defined for component null
2023-10-07 23:50:02,116 [WARN] ModelIntegratedComponent:60 - No mode defined for component null
2023-10-07 23:50:02,117 [WARN] ModelIntegratedComponent:60 - No mode defined for component null
2023-10-07 23:50:02,117 [WARN] ModelIntegratedComponent:60 - No mode defined for component null
2023-10-07 23:50:02,117 [WARN] ModelIntegratedComponent:60 - No mode defined for component null
2023-10-07 23:50:02,117 [WARN] ModelIntegratedComponent:60 - No mode defined for component null
2023-10-07 23:50:02,117 [WARN] ModelIntegratedComponent:60 - No mode defined for component null
2023-10-07 23:50:02,117 [WARN] ModelIntegratedComponent:60 - No mode defined for component null
2023-10-07 23:50:02,117 [WARN] ModelIntegratedComponent:60 - No mode defined for component null
2023-10-07 23:50:02,117 [WARN] ModelIntegratedComponent:60 - No mode defined for component null
2023-10-07 23:50:02,117 [WARN] ModelIntegratedComponent:60 - No mode defined for component null
2023-10-07 23:50:02,117 [WARN] ModelIntegratedComponent:60 - No mode defined for component null
2023-10-07 23:50:02,117 [WARN] ModelIntegratedComponent:60 - No mode defined for component null
2023-10-07 23:50:02,117 [WARN] ModelIntegratedComponent:60 - No mode defined for component null
2023-10-07 23:50:02,117 [WARN] ModelIntegratedComponent:60 - No mode defined for component null
2023-10-07 23:50:02,117 [WARN] ModelIntegratedComponent:60 - No mode defined for component null
2023-10-07 23:50:02,117 [WARN] ModelIntegratedComponent:60 - No mode defined for component null
2023-10-07 23:50:02,118 [WARN] ModelIntegratedComponent:60 - No mode defined for component null
2023-10-07 23:50:02,118 [WARN] ModelIntegratedComponent:60 - No mode defined for component null
2023-10-07 23:50:02,118 [WARN] ModelIntegratedComponent:60 - No mode defined for component null
2023-10-07 23:50:02,121 [WARN] ApiManager:304 - Cannot register API 'Board Extension:NFC07A1' from pack STMicroelectronics.X-CUBE-NFC7.1.0.1: no header file found
2023-10-07 23:50:02,125 [WARN] ApiManager:304 - Cannot register API 'Board Extension:NFC06A1' from pack STMicroelectronics.X-CUBE-NFC6.3.0.0: no header file found
2023-10-07 23:50:02,125 [WARN] ApiManager:304 - Cannot register API 'Board Extension:NFC08A1' from pack STMicroelectronics.X-CUBE-NFC6.3.0.0: no header file found
2023-10-07 23:50:02,126 [WARN] ApiManager:304 - Cannot register API 'Board Extension:EEPRMA1' from pack STMicroelectronics.X-CUBE-EEPRMA1.4.1.0: no header file found
2023-10-07 23:50:02,126 [WARN] ApiManager:304 - Cannot register API 'Board Extension:EEPRMA2' from pack STMicroelectronics.X-CUBE-EEPRMA1.4.1.0: no header file found
2023-10-07 23:50:02,126 [WARN] ApiManager:304 - Cannot register API 'Board Extension:PGEEZ1' from pack STMicroelectronics.X-CUBE-EEPRMA1.4.1.0: no header file found
2023-10-07 23:50:02,126 [WARN] ApiManager:304 - Cannot register API 'Board Part:M24' from pack STMicroelectronics.X-CUBE-EEPRMA1.4.1.0: no header file found
2023-10-07 23:50:02,126 [WARN] ApiManager:304 - Cannot register API 'Board Part:M95' from pack STMicroelectronics.X-CUBE-EEPRMA1.4.1.0: no header file found
2023-10-07 23:50:02,126 [WARN] ApiManager:304 - Cannot register API 'Board Part:M95P32' from pack STMicroelectronics.X-CUBE-EEPRMA1.4.1.0: no header file found
2023-10-07 23:50:02,126 [WARN] ApiManager:304 - Cannot register API 'PGEEZ1:SPI' from pack STMicroelectronics.X-CUBE-EEPRMA1.4.1.0: no header file found
2023-10-07 23:50:02,126 [WARN] ApiManager:304 - Cannot register API 'PGEEZ1:QDSPI' from pack STMicroelectronics.X-CUBE-EEPRMA1.4.1.0: no header file found
2023-10-07 23:50:02,314 [WARN] ApiManager:304 - Cannot register API 'Board Extension:IKS01A3' from pack STMicroelectronics.X-CUBE-MEMS1.9.6.0: no header file found
2023-10-07 23:50:02,314 [WARN] ApiManager:304 - Cannot register API 'Board Extension:IKS01A2' from pack STMicroelectronics.X-CUBE-MEMS1.9.6.0: no header file found
2023-10-07 23:50:02,314 [WARN] ApiManager:304 - Cannot register API 'Board Extension:IKS02A1' from pack STMicroelectronics.X-CUBE-MEMS1.9.6.0: no header file found
2023-10-07 23:50:02,326 [INFO] RtosManager:484 - Registered RTOS mode: class=CMSIS, group=RTOS, mode=CMSIS_V1, owner=FREERTOS
2023-10-07 23:50:02,327 [INFO] RtosManager:484 - Registered RTOS mode: class=CMSIS, group=RTOS2, mode=CMSIS_V2, owner=FREERTOS
2023-10-07 23:50:02,327 [INFO] RtosManager:484 - Registered RTOS mode: class=RTOS, group=Core, mode=CMSIS_V1, owner=FREERTOS
2023-10-07 23:50:02,327 [INFO] RtosManager:484 - Registered RTOS mode: class=RTOS, group=Core, mode=CMSIS_V2, owner=FREERTOS
2023-10-07 23:50:02,327 [WARN] ModelIntegratedComponent:181 - Missing modes for component STMicroelectronics:FreeRTOS:0.0.1:STMicroelectronics:RTOS:FreeRTOS:Core:::10.2.0:
2023-10-07 23:50:02,329 [WARN] ApiManager:304 - Cannot register API 'Board Extension:NFC04A1' from pack STMicroelectronics.X-CUBE-NFC4.3.0.0: no header file found
2023-10-07 23:50:02,332 [WARN] ApiManager:304 - Cannot register API 'Board Extension:S2868A1' from pack STMicroelectronics.X-CUBE-SUBG2.5.0.0: no header file found
2023-10-07 23:50:02,332 [WARN] ApiManager:304 - Cannot register API 'Board Extension:S2868A2' from pack STMicroelectronics.X-CUBE-SUBG2.5.0.0: no header file found
2023-10-07 23:50:02,332 [WARN] ApiManager:304 - Cannot register API 'Board Extension:S2915A1' from pack STMicroelectronics.X-CUBE-SUBG2.5.0.0: no header file found
2023-10-07 23:50:02,335 [WARN] ApiManager:304 - Cannot register API 'Board Extension:S2868A1' from pack STMicroelectronics.X-CUBE-SFXS2LP1.4.0.0: no header file found
2023-10-07 23:50:02,335 [WARN] ApiManager:304 - Cannot register API 'Board Extension:S2868A2' from pack STMicroelectronics.X-CUBE-SFXS2LP1.4.0.0: no header file found
2023-10-07 23:50:02,335 [WARN] ApiManager:304 - Cannot register API 'Board Extension:S2915A1' from pack STMicroelectronics.X-CUBE-SFXS2LP1.4.0.0: no header file found
2023-10-07 23:50:02,335 [WARN] ApiManager:304 - Cannot register API 'Wireless:BlueNRG-2' from pack STMicroelectronics.X-CUBE-BLE2.3.3.0: no header file found
2023-10-07 23:50:03,836 [INFO] UtilMem:74 - End LoadConfig() Used Memory: 663685264 Bytes (768606208)
2023-10-07 23:50:03,838 [WARN] ThirdParty:779 - waiting for thirdparty lock release [change project]
2023-10-07 23:50:03,839 [INFO] ThirdParty:781 - entering critical section [change project]
2023-10-07 23:50:03,839 [INFO] ThirdParty:967 - CMSIS Pack Vendor :STMicroelectronics X-CUBE-ISPU 1.1.0
2023-10-07 23:50:03,839 [INFO] ThirdParty:967 - CMSIS Pack Vendor :STMicroelectronics X-CUBE-GNSS1 6.0.0
2023-10-07 23:50:03,839 [INFO] ThirdParty:967 - CMSIS Pack Vendor :STMicroelectronics USB_HOST 2.0.0
2023-10-07 23:50:03,839 [INFO] ThirdParty:967 - CMSIS Pack Vendor :STMicroelectronics X-CUBE-AZRTOS-F4 1.1.0
2023-10-07 23:50:03,839 [INFO] ThirdParty:967 - CMSIS Pack Vendor :STMicroelectronics X-CUBE-BLE1 7.0.0
2023-10-07 23:50:03,839 [INFO] ThirdParty:967 - CMSIS Pack Vendor :STMicroelectronics FP-ATR-SIGFOX1 3.2.0
2023-10-07 23:50:03,839 [INFO] ThirdParty:967 - CMSIS Pack Vendor :wolfSSL I-CUBE-wolfSSL 5.6.3
2023-10-07 23:50:03,839 [INFO] ThirdParty:967 - CMSIS Pack Vendor :STMicroelectronics USB_DEVICE 3.0.0
2023-10-07 23:50:03,839 [INFO] ThirdParty:967 - CMSIS Pack Vendor :STMicroelectronics HAL Drivers 0.0.0
2023-10-07 23:50:03,839 [INFO] ThirdParty:967 - CMSIS Pack Vendor :STMicroelectronics MBEDTLS 2.16.2
2023-10-07 23:50:03,839 [INFO] ThirdParty:967 - CMSIS Pack Vendor :STMicroelectronics X-CUBE-AZRTOS-WB 2.0.0
2023-10-07 23:50:03,839 [INFO] ThirdParty:967 - CMSIS Pack Vendor :STMicroelectronics X-CUBE-TOUCHGFX 4.22.0
2023-10-07 23:50:03,839 [INFO] ThirdParty:967 - CMSIS Pack Vendor :STMicroelectronics X-CUBE-NFC7 1.0.1
2023-10-07 23:50:03,839 [INFO] ThirdParty:967 - CMSIS Pack Vendor :STMicroelectronics MBEDTLS 2.14.1
2023-10-07 23:50:03,839 [INFO] ThirdParty:967 - CMSIS Pack Vendor :STMicroelectronics X-CUBE-TOUCHGFX 4.22.1
2023-10-07 23:50:03,839 [INFO] ThirdParty:967 - CMSIS Pack Vendor :STMicroelectronics X-CUBE-AZRTOS-F7 1.1.0
2023-10-07 23:50:03,840 [INFO] ThirdParty:967 - CMSIS Pack Vendor :STMicroelectronics X-CUBE-AZRTOS-L5 2.0.0
2023-10-07 23:50:03,840 [INFO] ThirdParty:967 - CMSIS Pack Vendor :STMicroelectronics X-CUBE-NFC6 3.0.0
2023-10-07 23:50:03,840 [INFO] ThirdParty:967 - CMSIS Pack Vendor :STMicroelectronics X-CUBE-EEPRMA1 4.1.0
2023-10-07 23:50:03,840 [INFO] ThirdParty:967 - CMSIS Pack Vendor :portGmbH I-Cube-SoM-uGOAL 1.1.0
2023-10-07 23:50:03,840 [INFO] ThirdParty:967 - CMSIS Pack Vendor :STMicroelectronics X-CUBE-ALS 1.0.1
2023-10-07 23:50:03,840 [INFO] ThirdParty:967 - CMSIS Pack Vendor :STMicroelectronics USB_DEVICE 2.0.0
2023-10-07 23:50:03,840 [INFO] ThirdParty:967 - CMSIS Pack Vendor :STMicroelectronics X-CUBE-MEMS1 9.6.0
2023-10-07 23:50:03,840 [INFO] ThirdParty:967 - CMSIS Pack Vendor :STMicroelectronics X-CUBE-AZRTOS-WL 2.0.0
2023-10-07 23:50:03,840 [INFO] ThirdParty:967 - CMSIS Pack Vendor :STMicroelectronics X-CUBE-ALGOBUILD 1.3.0
2023-10-07 23:50:03,840 [INFO] ThirdParty:967 - CMSIS Pack Vendor :SEGGER I-CUBE-embOS 1.3.1
2023-10-07 23:50:03,840 [INFO] ThirdParty:967 - CMSIS Pack Vendor :STMicroelectronics FreeRTOS 0.0.1
2023-10-07 23:50:03,840 [INFO] ThirdParty:967 - CMSIS Pack Vendor :STMicroelectronics X-CUBE-AZRTOS-G0 1.1.0
2023-10-07 23:50:03,840 [INFO] ThirdParty:967 - CMSIS Pack Vendor :STMicroelectronics USB_DEVICE 1.0.0
2023-10-07 23:50:03,840 [INFO] ThirdParty:967 - CMSIS Pack Vendor :STMicroelectronics X-CUBE-BLEMGR 2.0.0
2023-10-07 23:50:03,840 [INFO] ThirdParty:967 - CMSIS Pack Vendor :STMicroelectronics X-CUBE-AI 8.1.0
2023-10-07 23:50:03,840 [INFO] ThirdParty:967 - CMSIS Pack Vendor :STMicroelectronics X-CUBE-NFC4 3.0.0
2023-10-07 23:50:03,840 [INFO] ThirdParty:967 - CMSIS Pack Vendor :STMicroelectronics X-CUBE-SUBG2 5.0.0
2023-10-07 23:50:03,840 [INFO] ThirdParty:967 - CMSIS Pack Vendor :STMicroelectronics X-CUBE-AZRTOS-L4 2.0.0
2023-10-07 23:50:03,841 [INFO] ThirdParty:967 - CMSIS Pack Vendor :STMicroelectronics ThreadX 0.0.2
2023-10-07 23:50:03,841 [INFO] ThirdParty:967 - CMSIS Pack Vendor :WES I-CUBE-Cesium 1.3.0
2023-10-07 23:50:03,841 [INFO] ThirdParty:967 - CMSIS Pack Vendor :STMicroelectronics FP-ATR-ASTRA1 2.0.0
2023-10-07 23:50:03,841 [INFO] ThirdParty:967 - CMSIS Pack Vendor :STMicroelectronics lwIP 2.0.3
2023-10-07 23:50:03,841 [INFO] ThirdParty:967 - CMSIS Pack Vendor :STMicroelectronics lwIP 2.1.2
2023-10-07 23:50:03,841 [INFO] ThirdParty:967 - CMSIS Pack Vendor :STMicroelectronics X-CUBE-SFXS2LP1 4.0.0
2023-10-07 23:50:03,841 [INFO] ThirdParty:967 - CMSIS Pack Vendor :STMicroelectronics X-CUBE-BLE2 3.3.0
2023-10-07 23:50:03,841 [INFO] ThirdParty:967 - CMSIS Pack Vendor :STMicroelectronics USB_HOST 1.0.0
2023-10-07 23:50:03,841 [INFO] ThirdParty:967 - CMSIS Pack Vendor :STMicroelectronics X-CUBE-AZRTOS-G4 2.0.0
2023-10-07 23:50:03,841 [INFO] ThirdParty:967 - CMSIS Pack Vendor :STMicroelectronics PDM2PCM 3.1.0
2023-10-07 23:50:03,841 [INFO] ThirdParty:967 - CMSIS Pack Vendor :STMicroelectronics X-CUBE-AZRTOS-H7 3.1.0
2023-10-07 23:50:03,841 [INFO] ThirdParty:967 - CMSIS Pack Vendor :STMicroelectronics PDM2PCM 3.2.0
2023-10-07 23:50:03,841 [INFO] ThirdParty:967 - CMSIS Pack Vendor :STMicroelectronics PDM2PCM 3.3.0
2023-10-07 23:50:03,841 [INFO] ThirdParty:787 - exiting critical section [change project]
2023-10-07 23:50:04,009 [INFO] PinOutPanel:1463 - setPackage(No Configuration,No Configuration)
2023-10-07 23:50:04,010 [INFO] PinOutPanel:1463 - setPackage(STM32F103C6Ux,UFQFPN48)
2023-10-07 23:50:04,331 [INFO] UtilMem:74 - Before build in PCC Used Memory: 616834560 Bytes (768606208)
2023-10-07 23:50:04,833 [INFO] UtilMem:74 - After build in PCC Used Memory: 624567792 Bytes (768606208)
2023-10-07 23:50:04,849 [INFO] IPUIPlugin:74 - create IPUIPlugin
2023-10-07 23:50:04,849 [INFO] IPUIPlugin:74 - create IPUIPlugin
2023-10-07 23:50:04,849 [INFO] IPUIPlugin:74 - create IPUIPlugin
2023-10-07 23:50:04,849 [INFO] IPUIPlugin:74 - create IPUIPlugin
2023-10-07 23:50:04,849 [INFO] IPUIPlugin:74 - create IPUIPlugin
2023-10-07 23:50:04,850 [INFO] IPUIPlugin:74 - create IPUIPlugin
2023-10-07 23:50:04,850 [INFO] IPUIPlugin:74 - create IPUIPlugin
2023-10-07 23:50:04,850 [INFO] IPUIPlugin:74 - create IPUIPlugin
2023-10-07 23:50:04,850 [INFO] IPUIPlugin:74 - create IPUIPlugin
2023-10-07 23:50:04,850 [INFO] IPUIPlugin:74 - create IPUIPlugin
2023-10-07 23:50:04,850 [INFO] IPUIPlugin:74 - create IPUIPlugin
2023-10-07 23:50:04,851 [INFO] IPUIPlugin:74 - create IPUIPlugin
2023-10-07 23:50:04,851 [INFO] IPUIPlugin:74 - create IPUIPlugin
2023-10-07 23:50:04,851 [INFO] IPUIPlugin:74 - create IPUIPlugin
2023-10-07 23:50:04,851 [INFO] IPUIPlugin:74 - create IPUIPlugin
2023-10-07 23:50:04,851 [INFO] IPUIPlugin:74 - create IPUIPlugin
2023-10-07 23:50:04,852 [INFO] IPUIPlugin:74 - create IPUIPlugin
2023-10-07 23:50:04,852 [INFO] IPUIPlugin:74 - create IPUIPlugin
2023-10-07 23:50:04,852 [INFO] IPUIPlugin:74 - create IPUIPlugin
2023-10-07 23:50:04,853 [INFO] IPUIPlugin:74 - create IPUIPlugin
2023-10-07 23:50:04,853 [INFO] IPUIPlugin:74 - create IPUIPlugin
2023-10-07 23:50:04,853 [INFO] IPUIPlugin:74 - create IPUIPlugin
2023-10-07 23:50:04,854 [INFO] IPUIPlugin:74 - create IPUIPlugin
2023-10-07 23:50:04,946 [INFO] OpenFileManager:333 - Restore cursor
2023-10-07 23:50:05,144 [INFO] UtilMem:74 - End SaveConfig() Used Memory: 624345208 Bytes (768606208)
2023-10-07 23:50:05,202 [INFO] UtilMem:74 - End SaveConfig() Used Memory: 657609080 Bytes (768606208)
2023-10-07 23:50:05,559 [INFO] BlockDiagram:2740 - set Specific Code input for plugin: NVIC
2023-10-07 23:50:05,560 [INFO] BlockDiagram:2740 - set Specific Code input for plugin: SYS
2023-10-07 23:50:05,560 [INFO] BlockDiagram:2740 - set Specific Code input for plugin: RCC
2023-10-07 23:50:05,561 [INFO] CodeGenerator:663 - code generatio: config db path: D:\IDEmcu\STM32CubeIDE_1.7.0\STM32CubeIDE\plugins\com.st.stm32cube.common.mx_6.3.0.202107141111\\db\
2023-10-07 23:50:05,912 [INFO] CodeEngine:239 - oldGeneratedFile, D:\lab2MCU\git\lab2\MXTmpFiles\license.tmp_save
2023-10-07 23:50:06,366 [INFO] CodeEngine:257 - Generated code: D:\lab2MCU\git\lab2\MXTmpFiles\license.tmp
2023-10-07 23:50:06,458 [INFO] CodeEngine:239 - oldGeneratedFile, D:\lab2MCU\git\lab2\Core\Src\stm32f1xx_it.c_save
2023-10-07 23:50:06,582 [INFO] CodeEngine:257 - Generated code: D:\lab2MCU\git\lab2\Core\Src\stm32f1xx_it.c
2023-10-07 23:50:06,585 [INFO] CodeEngine:239 - oldGeneratedFile, D:\lab2MCU\git\lab2\Core\Inc\stm32f1xx_it.h_save
2023-10-07 23:50:06,642 [INFO] CodeEngine:257 - Generated code: D:\lab2MCU\git\lab2\Core\Inc\stm32f1xx_it.h
2023-10-07 23:50:06,649 [INFO] CodeEngine:239 - oldGeneratedFile, D:\lab2MCU\git\lab2\Core\Src\stm32f1xx_hal_msp.c_save
2023-10-07 23:50:06,746 [INFO] CodeEngine:257 - Generated code: D:\lab2MCU\git\lab2\Core\Src\stm32f1xx_hal_msp.c
2023-10-07 23:50:06,749 [INFO] CodeEngine:239 - oldGeneratedFile, D:\lab2MCU\git\lab2\MXTmpFiles\system.tmp_save
2023-10-07 23:50:06,835 [INFO] CodeEngine:257 - Generated code: D:\lab2MCU\git\lab2\MXTmpFiles\system.tmp
2023-10-07 23:50:06,840 [INFO] CodeEngine:239 - oldGeneratedFile, D:\lab2MCU\git\lab2\Core\Inc\stm32f1xx_hal_conf.h_save
2023-10-07 23:50:06,931 [INFO] CodeEngine:257 - Generated code: D:\lab2MCU\git\lab2\Core\Inc\stm32f1xx_hal_conf.h
2023-10-07 23:50:06,967 [INFO] CodeEngine:239 - oldGeneratedFile, D:\lab2MCU\git\lab2\Core\Inc\main.h_save
2023-10-07 23:50:07,116 [INFO] CodeEngine:257 - Generated code: D:\lab2MCU\git\lab2\Core\Inc\main.h
2023-10-07 23:50:07,119 [INFO] CodeEngine:239 - oldGeneratedFile, D:\lab2MCU\git\lab2\Core\Src\main.c_save
2023-10-07 23:50:07,228 [INFO] CodeEngine:257 - Generated code: D:\lab2MCU\git\lab2\Core\Src\main.c
2023-10-07 23:50:08,339 [INFO] ProjectBuilder:2578 - Time for Copy HAL[1] : 72mS.
2023-10-07 23:50:08,344 [INFO] ProjectBuilder:3622 - Project Generator version: 3.14.1
2023-10-07 23:50:08,963 [INFO] ConfigFileManager:1271 - The Die is : DIE412
2023-10-07 23:50:08,981 [INFO] ApiDbMcu:468 - Load IP Config File for FATFS
2023-10-07 23:50:09,027 [INFO] ApiDbMcu:468 - Load IP Config File for FREERTOS
2023-10-07 23:50:09,058 [INFO] ApiDbMcu:468 - Load IP Config File for USB_DEVICE
2023-10-07 23:50:13,185 [INFO] ProjectBuilder:3789 - Time for Generating toolchain IDE Files: 4841mS.
2023-10-07 23:50:13,186 [INFO] ProjectBuilder:2457 - Time for Copy CMSIS : 0mS.
2023-10-07 23:50:13,187 [INFO] ProjectBuilder:2457 - Time for Copy CMSIS : 0mS.
2023-10-07 23:50:14,057 [INFO] McuFinderGlobals:52 - Set McuFinderConnectedMode to true
2023-10-07 23:50:14,058 [INFO] ApiDb:276 - Save user favorites file C:\Users\Admin/.stm32cubeide/favorites.mcus.txt: 0 item(s)
2023-10-07 23:50:14,059 [INFO] ApiDb:280 - User favorites MCUs=[]
2023-10-07 23:51:04,393 [INFO] NvicIntPanel:96 - NVIC parent = com.st.microxplorer.plugins.ip.nvic.MultiNvicIntPanel[,0,0,0x0,invalid,layout=javax.swing.BoxLayout,alignmentX=0.0,alignmentY=0.0,border=,flags=9,maximumSize=,minimumSize=,preferredSize=]
2023-10-07 23:51:09,383 [INFO] NvicIntPanel:96 - NVIC parent = com.st.microxplorer.plugins.ip.nvic.MultiNvicIntPanel[,0,0,0x0,invalid,layout=javax.swing.BoxLayout,alignmentX=0.0,alignmentY=0.0,border=,flags=9,maximumSize=,minimumSize=,preferredSize=]
2023-10-08 00:04:27,556 [INFO] NvicIntPanel:96 - NVIC parent = com.st.microxplorer.plugins.ip.nvic.MultiNvicIntPanel[,0,0,520x304,layout=javax.swing.BoxLayout,alignmentX=0.0,alignmentY=0.0,border=,flags=9,maximumSize=,minimumSize=,preferredSize=]
2023-10-08 00:04:34,087 [INFO] UtilMem:74 - End SaveConfig() Used Memory: 846310776 Bytes (952107008)
2023-10-08 00:04:36,973 [INFO] UtilMem:74 - End SaveConfig() Used Memory: 721649624 Bytes (952107008)
2023-10-08 00:04:40,060 [INFO] UtilMem:74 - End SaveConfig() Used Memory: 776009584 Bytes (952107008)
2023-10-08 00:04:40,314 [INFO] BlockDiagram:2740 - set Specific Code input for plugin: NVIC
2023-10-08 00:04:40,314 [INFO] BlockDiagram:2740 - set Specific Code input for plugin: SYS
2023-10-08 00:04:40,315 [INFO] BlockDiagram:2740 - set Specific Code input for plugin: GPIO
2023-10-08 00:04:40,315 [INFO] BlockDiagram:2740 - set Specific Code input for plugin: RCC
2023-10-08 00:04:40,315 [INFO] BlockDiagram:2740 - set Specific Code input for plugin: TIM1_8F1
2023-10-08 00:04:40,316 [INFO] CodeGenerator:663 - code generatio: config db path: D:\IDEmcu\STM32CubeIDE_1.7.0\STM32CubeIDE\plugins\com.st.stm32cube.common.mx_6.3.0.202107141111\\db\
2023-10-08 00:04:40,568 [INFO] CodeEngine:239 - oldGeneratedFile, D:\lab2MCU\git\lab2\MXTmpFiles\license.tmp_save
2023-10-08 00:04:40,615 [INFO] CodeEngine:257 - Generated code: D:\lab2MCU\git\lab2\MXTmpFiles\license.tmp
2023-10-08 00:04:40,706 [INFO] CodeEngine:239 - oldGeneratedFile, D:\lab2MCU\git\lab2\MXTmpFiles\gpio.tmp_save
2023-10-08 00:04:40,768 [INFO] CodeEngine:257 - Generated code: D:\lab2MCU\git\lab2\MXTmpFiles\gpio.tmp
2023-10-08 00:04:40,917 [INFO] CodeEngine:239 - oldGeneratedFile, D:\lab2MCU\git\lab2\Core\Src\stm32f1xx_it.c_save
2023-10-08 00:04:41,005 [INFO] CodeEngine:257 - Generated code: D:\lab2MCU\git\lab2\Core\Src\stm32f1xx_it.c
2023-10-08 00:04:41,009 [INFO] CodeEngine:239 - oldGeneratedFile, D:\lab2MCU\git\lab2\Core\Inc\stm32f1xx_it.h_save
2023-10-08 00:04:41,065 [INFO] CodeEngine:257 - Generated code: D:\lab2MCU\git\lab2\Core\Inc\stm32f1xx_it.h
2023-10-08 00:04:41,078 [INFO] CodeEngine:239 - oldGeneratedFile, D:\lab2MCU\git\lab2\Core\Src\stm32f1xx_hal_msp.c_save
2023-10-08 00:04:41,165 [INFO] CodeEngine:257 - Generated code: D:\lab2MCU\git\lab2\Core\Src\stm32f1xx_hal_msp.c
2023-10-08 00:04:41,167 [INFO] CodeEngine:239 - oldGeneratedFile, D:\lab2MCU\git\lab2\MXTmpFiles\system.tmp_save
2023-10-08 00:04:41,216 [INFO] CodeEngine:257 - Generated code: D:\lab2MCU\git\lab2\MXTmpFiles\system.tmp
2023-10-08 00:04:41,227 [INFO] CodeEngine:239 - oldGeneratedFile, D:\lab2MCU\git\lab2\Core\Inc\stm32f1xx_hal_conf.h_save
2023-10-08 00:04:41,299 [INFO] CodeEngine:257 - Generated code: D:\lab2MCU\git\lab2\Core\Inc\stm32f1xx_hal_conf.h
2023-10-08 00:04:41,313 [WARN] IPConfigManager:3148 - IP not found : TIM
2023-10-08 00:04:41,313 [WARN] CodeGenerator:3268 - IP not found : null
2023-10-08 00:04:41,325 [INFO] CodeEngine:239 - oldGeneratedFile, D:\lab2MCU\git\lab2\Core\Inc\main.h_save
2023-10-08 00:04:41,404 [INFO] CodeEngine:257 - Generated code: D:\lab2MCU\git\lab2\Core\Inc\main.h
2023-10-08 00:04:41,414 [INFO] CodeEngine:239 - oldGeneratedFile, D:\lab2MCU\git\lab2\Core\Src\main.c_save
2023-10-08 00:04:41,513 [INFO] CodeEngine:257 - Generated code: D:\lab2MCU\git\lab2\Core\Src\main.c
2023-10-08 00:04:42,219 [INFO] ProjectBuilder:2578 - Time for Copy HAL[1] : 66mS.
2023-10-08 00:04:42,221 [INFO] ProjectBuilder:3622 - Project Generator version: 3.14.1
2023-10-08 00:04:42,616 [INFO] ConfigFileManager:1271 - The Die is : DIE412
2023-10-08 00:04:44,337 [INFO] ProjectBuilder:3789 - Time for Generating toolchain IDE Files: 2116mS.
2023-10-08 00:04:44,338 [INFO] ProjectBuilder:2457 - Time for Copy CMSIS : 1mS.
2023-10-08 00:04:44,339 [INFO] ProjectBuilder:2457 - Time for Copy CMSIS : 0mS.
